<?xml version="1.0" encoding="UTF-8"?>
<!-- Generated by org.testng.reporters.JUnitXMLReporter -->
<testsuite ignored="0" hostname="AZMAL" failures="6" tests="8" name="SanityTest" time="49.811" errors="0" timestamp="2022-12-24T11:48:11 IST">
  <testcase classname="ebankingLoginTest.EBankingLoginTest" name="testResetUserIdAndpassword" time="1.046"/>
  <testcase classname="ebankingLoginTest.EBankingLoginTest" name="testLoginWithValidUserIdAndPassword" time="0.798"/>
  <testcase classname="ebankingLoginTest.EBankingLoginTest" name="testLogoutFromAccount" time="0.037">
    <failure type="java.lang.AssertionError" message="Exception accured white testing testLogoutFromAccount:unexpected alert open: {Alert text : User or Password is not valid}
  (Session info: chrome=108.0.5359.125): User or Password is not valid
Build info: version: &amp;apos;4.2.2&amp;apos;, revision: &amp;apos;683ccb65d6&amp;apos;
System info: host: &amp;apos;AZMAL&amp;apos;, ip: &amp;apos;192.168.0.101&amp;apos;, os.name: &amp;apos;Windows 11&amp;apos;, os.arch: &amp;apos;amd64&amp;apos;, os.version: &amp;apos;10.0&amp;apos;, java.version: &amp;apos;18.0.1&amp;apos;
Driver info: org.openqa.selenium.chrome.ChromeDriver
Command: [19592f431b545e7e038bf07daa0f46d7, findElement {using=xpath, value=//a[text()=&amp;apos;Log out&amp;apos;]}]
Capabilities {acceptInsecureCerts: false, browserName: chrome, browserVersion: 108.0.5359.125, chrome: {chromedriverVersion: 108.0.5359.71 (1e0e3868ee06..., userDataDir: C:\Users\syedm\AppData\Loca...}, goog:chromeOptions: {debuggerAddress: localhost:62953}, networkConnectionEnabled: false, pageLoadStrategy: normal, platformName: WINDOWS, proxy: Proxy(), se:cdp: ws://localhost:62953/devtoo..., se:cdpVersion: 108.0.5359.125, setWindowRect: true, strictFileInteractability: false, timeouts: {implicit: 0, pageLoad: 300000, script: 30000}, unhandledPromptBehavior: dismiss and notify, webauthn:extension:credBlob: true, webauthn:extension:largeBlob: true, webauthn:virtualAuthenticators: true}
Session ID: 19592f431b545e7e038bf07daa0f46d7">
      <![CDATA[java.lang.AssertionError: Exception accured white testing testLogoutFromAccount:unexpected alert open: {Alert text : User or Password is not valid}
  (Session info: chrome=108.0.5359.125): User or Password is not valid
Build info: version: '4.2.2', revision: '683ccb65d6'
System info: host: 'AZMAL', ip: '192.168.0.101', os.name: 'Windows 11', os.arch: 'amd64', os.version: '10.0', java.version: '18.0.1'
Driver info: org.openqa.selenium.chrome.ChromeDriver
Command: [19592f431b545e7e038bf07daa0f46d7, findElement {using=xpath, value=//a[text()='Log out']}]
Capabilities {acceptInsecureCerts: false, browserName: chrome, browserVersion: 108.0.5359.125, chrome: {chromedriverVersion: 108.0.5359.71 (1e0e3868ee06..., userDataDir: C:\Users\syedm\AppData\Loca...}, goog:chromeOptions: {debuggerAddress: localhost:62953}, networkConnectionEnabled: false, pageLoadStrategy: normal, platformName: WINDOWS, proxy: Proxy(), se:cdp: ws://localhost:62953/devtoo..., se:cdpVersion: 108.0.5359.125, setWindowRect: true, strictFileInteractability: false, timeouts: {implicit: 0, pageLoad: 300000, script: 30000}, unhandledPromptBehavior: dismiss and notify, webauthn:extension:credBlob: true, webauthn:extension:largeBlob: true, webauthn:virtualAuthenticators: true}
Session ID: 19592f431b545e7e038bf07daa0f46d7
at ebankingLoginTest.EBankingLoginTest.testLogoutFromAccount(EBankingLoginTest.java:76)
at java.base/java.util.ArrayList.forEach(ArrayList.java:1511)
... Removed 26 stack frames]]>
    </failure>
  </testcase> <!-- testLogoutFromAccount -->
  <testcase classname="ebankingPracticeTest.AddNewCustomerTest" name="testAddNewCustomerFieldsWithValidDetails" time="1.904">
    <failure type="java.lang.AssertionError" message="Exception accured white testing testAddNewCustomerFieldsWithValidDetails:[Ljava.lang.StackTraceElement;@6909f6be">
      <![CDATA[java.lang.AssertionError: Exception accured white testing testAddNewCustomerFieldsWithValidDetails:[Ljava.lang.StackTraceElement;@6909f6be
at ebankingPracticeTest.AddNewCustomerTest.testAddNewCustomerFieldsWithValidDetails(AddNewCustomerTest.java:53)
at java.base/java.util.ArrayList.forEach(ArrayList.java:1511)
... Removed 26 stack frames]]>
    </failure>
  </testcase> <!-- testAddNewCustomerFieldsWithValidDetails -->
  <testcase classname="ebankingPracticeTest.NewAccountTest" name="testNewAccountWithInvalidData" time="1.532">
    <failure type="java.lang.AssertionError" message="Exception occured while testing testNewAccountWithInvalidData:[Ljava.lang.StackTraceElement;@184823ed">
      <![CDATA[java.lang.AssertionError: Exception occured while testing testNewAccountWithInvalidData:[Ljava.lang.StackTraceElement;@184823ed
at ebankingPracticeTest.NewAccountTest.testNewAccountWithInvalidData(NewAccountTest.java:47)
at java.base/java.util.ArrayList.forEach(ArrayList.java:1511)
... Removed 26 stack frames]]>
    </failure>
  </testcase> <!-- testNewAccountWithInvalidData -->
  <testcase classname="ebankingPracticeTest.NewAccountTest" name="testNewAccountWithValidData" time="8.393">
    <failure type="java.lang.AssertionError" message="Exception occured while testing testNewAccountWithValidData:[Ljava.lang.StackTraceElement;@5aa62ee7">
      <![CDATA[java.lang.AssertionError: Exception occured while testing testNewAccountWithValidData:[Ljava.lang.StackTraceElement;@5aa62ee7
at ebankingPracticeTest.NewAccountTest.testNewAccountWithValidData(NewAccountTest.java:75)
at java.base/java.util.ArrayList.forEach(ArrayList.java:1511)
... Removed 26 stack frames]]>
    </failure>
  </testcase> <!-- testNewAccountWithValidData -->
  <testcase classname="ebankingPracticeTest.DepositTest" name="testDepositWithInvalidData" time="0.864">
    <failure type="java.lang.AssertionError" message="Exception while testing testDepositWithInvalidData:unexpected alert open: {Alert text : User or Password is not valid}
  (Session info: chrome=108.0.5359.125): User or Password is not valid
Build info: version: &amp;apos;4.2.2&amp;apos;, revision: &amp;apos;683ccb65d6&amp;apos;
System info: host: &amp;apos;AZMAL&amp;apos;, ip: &amp;apos;192.168.0.101&amp;apos;, os.name: &amp;apos;Windows 11&amp;apos;, os.arch: &amp;apos;amd64&amp;apos;, os.version: &amp;apos;10.0&amp;apos;, java.version: &amp;apos;18.0.1&amp;apos;
Driver info: org.openqa.selenium.chrome.ChromeDriver
Command: [bc410da9f5283c04859816e25ec222bd, findElement {using=xpath, value=//a[text()=&amp;apos;Deposit&amp;apos;]}]
Capabilities {acceptInsecureCerts: false, browserName: chrome, browserVersion: 108.0.5359.125, chrome: {chromedriverVersion: 108.0.5359.71 (1e0e3868ee06..., userDataDir: C:\Users\syedm\AppData\Loca...}, goog:chromeOptions: {debuggerAddress: localhost:63219}, networkConnectionEnabled: false, pageLoadStrategy: normal, platformName: WINDOWS, proxy: Proxy(), se:cdp: ws://localhost:63219/devtoo..., se:cdpVersion: 108.0.5359.125, setWindowRect: true, strictFileInteractability: false, timeouts: {implicit: 0, pageLoad: 300000, script: 30000}, unhandledPromptBehavior: dismiss and notify, webauthn:extension:credBlob: true, webauthn:extension:largeBlob: true, webauthn:virtualAuthenticators: true}
Session ID: bc410da9f5283c04859816e25ec222bd">
      <![CDATA[java.lang.AssertionError: Exception while testing testDepositWithInvalidData:unexpected alert open: {Alert text : User or Password is not valid}
  (Session info: chrome=108.0.5359.125): User or Password is not valid
Build info: version: '4.2.2', revision: '683ccb65d6'
System info: host: 'AZMAL', ip: '192.168.0.101', os.name: 'Windows 11', os.arch: 'amd64', os.version: '10.0', java.version: '18.0.1'
Driver info: org.openqa.selenium.chrome.ChromeDriver
Command: [bc410da9f5283c04859816e25ec222bd, findElement {using=xpath, value=//a[text()='Deposit']}]
Capabilities {acceptInsecureCerts: false, browserName: chrome, browserVersion: 108.0.5359.125, chrome: {chromedriverVersion: 108.0.5359.71 (1e0e3868ee06..., userDataDir: C:\Users\syedm\AppData\Loca...}, goog:chromeOptions: {debuggerAddress: localhost:63219}, networkConnectionEnabled: false, pageLoadStrategy: normal, platformName: WINDOWS, proxy: Proxy(), se:cdp: ws://localhost:63219/devtoo..., se:cdpVersion: 108.0.5359.125, setWindowRect: true, strictFileInteractability: false, timeouts: {implicit: 0, pageLoad: 300000, script: 30000}, unhandledPromptBehavior: dismiss and notify, webauthn:extension:credBlob: true, webauthn:extension:largeBlob: true, webauthn:virtualAuthenticators: true}
Session ID: bc410da9f5283c04859816e25ec222bd
at ebankingPracticeTest.DepositTest.testDepositWithInvalidData(DepositTest.java:47)
at java.base/java.util.ArrayList.forEach(ArrayList.java:1511)
... Removed 26 stack frames]]>
    </failure>
  </testcase> <!-- testDepositWithInvalidData -->
  <testcase classname="ebankingPracticeTest.DepositTest" name="testDepositWithValidData" time="6.608">
    <failure type="java.lang.AssertionError" message="Exception while testing testDepositWithValidData:no such element: Unable to locate element: {&amp;quot;method&amp;quot;:&amp;quot;xpath&amp;quot;,&amp;quot;selector&amp;quot;:&amp;quot;//input[@name=&amp;apos;accountno&amp;apos;]&amp;quot;}
  (Session info: chrome=108.0.5359.125)
For documentation on this error, please visit: https://selenium.dev/exceptions/#no_such_element
Build info: version: &amp;apos;4.2.2&amp;apos;, revision: &amp;apos;683ccb65d6&amp;apos;
System info: host: &amp;apos;AZMAL&amp;apos;, ip: &amp;apos;192.168.0.101&amp;apos;, os.name: &amp;apos;Windows 11&amp;apos;, os.arch: &amp;apos;amd64&amp;apos;, os.version: &amp;apos;10.0&amp;apos;, java.version: &amp;apos;18.0.1&amp;apos;
Driver info: org.openqa.selenium.chrome.ChromeDriver
Command: [bc410da9f5283c04859816e25ec222bd, findElement {using=xpath, value=//input[@name=&amp;apos;accountno&amp;apos;]}]
Capabilities {acceptInsecureCerts: false, browserName: chrome, browserVersion: 108.0.5359.125, chrome: {chromedriverVersion: 108.0.5359.71 (1e0e3868ee06..., userDataDir: C:\Users\syedm\AppData\Loca...}, goog:chromeOptions: {debuggerAddress: localhost:63219}, networkConnectionEnabled: false, pageLoadStrategy: normal, platformName: WINDOWS, proxy: Proxy(), se:cdp: ws://localhost:63219/devtoo..., se:cdpVersion: 108.0.5359.125, setWindowRect: true, strictFileInteractability: false, timeouts: {implicit: 0, pageLoad: 300000, script: 30000}, unhandledPromptBehavior: dismiss and notify, webauthn:extension:credBlob: true, webauthn:extension:largeBlob: true, webauthn:virtualAuthenticators: true}
Session ID: bc410da9f5283c04859816e25ec222bd">
      <![CDATA[java.lang.AssertionError: Exception while testing testDepositWithValidData:no such element: Unable to locate element: {"method":"xpath","selector":"//input[@name='accountno']"}
  (Session info: chrome=108.0.5359.125)
For documentation on this error, please visit: https://selenium.dev/exceptions/#no_such_element
Build info: version: '4.2.2', revision: '683ccb65d6'
System info: host: 'AZMAL', ip: '192.168.0.101', os.name: 'Windows 11', os.arch: 'amd64', os.version: '10.0', java.version: '18.0.1'
Driver info: org.openqa.selenium.chrome.ChromeDriver
Command: [bc410da9f5283c04859816e25ec222bd, findElement {using=xpath, value=//input[@name='accountno']}]
Capabilities {acceptInsecureCerts: false, browserName: chrome, browserVersion: 108.0.5359.125, chrome: {chromedriverVersion: 108.0.5359.71 (1e0e3868ee06..., userDataDir: C:\Users\syedm\AppData\Loca...}, goog:chromeOptions: {debuggerAddress: localhost:63219}, networkConnectionEnabled: false, pageLoadStrategy: normal, platformName: WINDOWS, proxy: Proxy(), se:cdp: ws://localhost:63219/devtoo..., se:cdpVersion: 108.0.5359.125, setWindowRect: true, strictFileInteractability: false, timeouts: {implicit: 0, pageLoad: 300000, script: 30000}, unhandledPromptBehavior: dismiss and notify, webauthn:extension:credBlob: true, webauthn:extension:largeBlob: true, webauthn:virtualAuthenticators: true}
Session ID: bc410da9f5283c04859816e25ec222bd
at ebankingPracticeTest.DepositTest.testDepositWithValidData(DepositTest.java:65)
at java.base/java.util.ArrayList.forEach(ArrayList.java:1511)
... Removed 26 stack frames]]>
    </failure>
  </testcase> <!-- testDepositWithValidData -->
</testsuite> <!-- SanityTest -->
