<!DOCTYPE html PUBLIC "-//W3C//DTD XHTML 1.1//EN" "https://www.w3.org/TR/xhtml11/DTD/xhtml11.dtd">
<html xmlns="https://www.w3.org/1999/xhtml">
<head>
<meta http-equiv="content-type" content="text/html; charset=UTF-8"/>
<title>TestNG Report</title>
<style type="text/css">table {margin-bottom:10px;border-collapse:collapse;empty-cells:show}th,td {border:1px solid #009;padding:.25em .5em}th {vertical-align:bottom}td {vertical-align:top}table a {font-weight:bold}.stripe td {background-color: #E6EBF9}.num {text-align:right}.passedodd td {background-color: #3F3}.passedeven td {background-color: #0A0}.skippedodd td {background-color: #DDD}.skippedeven td {background-color: #CCC}.failedodd td,.attn {background-color: #F33}.failedeven td,.stripe .attn {background-color: #D00}.stacktrace {white-space:pre;font-family:monospace}.totop {font-size:85%;text-align:center;border-bottom:2px solid #000}.invisible {display:none}</style>
</head>
<body>
<table>
<tr><th>Test</th><th># Passed</th><th># Skipped</th><th># Retried</th><th># Failed</th><th>Time (ms)</th><th>Included Groups</th><th>Excluded Groups</th></tr>
<tr><th colspan="8">Suite</th></tr>
<tr><td><a href="#t0">SanityTest</a></td><td class="num">2</td><td class="num">0</td><td class="num">0</td><td class="num attn">6</td><td class="num">49,811</td><td></td><td></td></tr>
<tr class="stripe"><td><a href="#t1">RegressionTest</a></td><td class="num">0</td><td class="num">0</td><td class="num">0</td><td class="num">0</td><td class="num">1</td><td></td><td></td></tr>
<tr><th>Total</th><th class="num">2</th><th class="num">0</th><th class="num">0</th><th class="num attn">6</th><th class="num">49,812</th><th colspan="2"></th></tr>
</table>
<table id='summary'><thead><tr><th>Class</th><th>Method</th><th>Start</th><th>Time (ms)</th></tr></thead><tbody><tr><th colspan="4">Suite</th></tr></tbody><tbody id="t0"><tr><th colspan="4">SanityTest &#8212; failed</th></tr><tr class="failedeven"><td rowspan="1">ebankingLoginTest.EBankingLoginTest</td><td><a href="#m0">testLogoutFromAccount</a></td><td rowspan="1">1671862654121</td><td rowspan="1">37</td></tr><tr class="failedodd"><td rowspan="1">ebankingPracticeTest.AddNewCustomerTest</td><td><a href="#m1">testAddNewCustomerFieldsWithValidDetails</a></td><td rowspan="1">1671862659880</td><td rowspan="1">1904</td></tr><tr class="failedeven"><td rowspan="2">ebankingPracticeTest.DepositTest</td><td><a href="#m2">testDepositWithInvalidData</a></td><td rowspan="1">1671862683909</td><td rowspan="1">864</td></tr><tr class="failedeven"><td><a href="#m3">testDepositWithValidData</a></td><td rowspan="1">1671862684777</td><td rowspan="1">6608</td></tr><tr class="failedodd"><td rowspan="2">ebankingPracticeTest.NewAccountTest</td><td><a href="#m4">testNewAccountWithInvalidData</a></td><td rowspan="1">1671862667375</td><td rowspan="1">1532</td></tr><tr class="failedodd"><td><a href="#m5">testNewAccountWithValidData</a></td><td rowspan="1">1671862668910</td><td rowspan="1">8393</td></tr><tr><th colspan="4">SanityTest &#8212; passed</th></tr><tr class="passedeven"><td rowspan="2">ebankingLoginTest.EBankingLoginTest</td><td><a href="#m6">testLoginWithValidUserIdAndPassword</a></td><td rowspan="1">1671862653320</td><td rowspan="1">798</td></tr><tr class="passedeven"><td><a href="#m7">testResetUserIdAndpassword</a></td><td rowspan="1">1671862652264</td><td rowspan="1">1046</td></tr></tbody>
<tbody id="t1"><tr><th colspan="4" class="invisible"/></tr></tbody>
</table>
<h2>SanityTest</h2><h3 id="m0">ebankingLoginTest.EBankingLoginTest#testLogoutFromAccount</h3><table class="result"><tr><th>Exception</th></tr><tr><td><div class="stacktrace">java.lang.AssertionError: Exception accured white testing testLogoutFromAccount:unexpected alert open: {Alert text : User or Password is not valid}
  (Session info: chrome=108.0.5359.125): User or Password is not valid
Build info: version: &apos;4.2.2&apos;, revision: &apos;683ccb65d6&apos;
System info: host: &apos;AZMAL&apos;, ip: &apos;192.168.0.101&apos;, os.name: &apos;Windows 11&apos;, os.arch: &apos;amd64&apos;, os.version: &apos;10.0&apos;, java.version: &apos;18.0.1&apos;
Driver info: org.openqa.selenium.chrome.ChromeDriver
Command: [19592f431b545e7e038bf07daa0f46d7, findElement {using=xpath, value=//a[text()=&apos;Log out&apos;]}]
Capabilities {acceptInsecureCerts: false, browserName: chrome, browserVersion: 108.0.5359.125, chrome: {chromedriverVersion: 108.0.5359.71 (1e0e3868ee06..., userDataDir: C:\Users\syedm\AppData\Loca...}, goog:chromeOptions: {debuggerAddress: localhost:62953}, networkConnectionEnabled: false, pageLoadStrategy: normal, platformName: WINDOWS, proxy: Proxy(), se:cdp: ws://localhost:62953/devtoo..., se:cdpVersion: 108.0.5359.125, setWindowRect: true, strictFileInteractability: false, timeouts: {implicit: 0, pageLoad: 300000, script: 30000}, unhandledPromptBehavior: dismiss and notify, webauthn:extension:credBlob: true, webauthn:extension:largeBlob: true, webauthn:virtualAuthenticators: true}
Session ID: 19592f431b545e7e038bf07daa0f46d7
	at ebankingLoginTest.EBankingLoginTest.testLogoutFromAccount(EBankingLoginTest.java:76)
	at java.base/java.util.ArrayList.forEach(ArrayList.java:1511)
... Removed 26 stack frames</div></td></tr></table><p class="totop"><a href="#summary">back to summary</a></p>
<h3 id="m1">ebankingPracticeTest.AddNewCustomerTest#testAddNewCustomerFieldsWithValidDetails</h3><table class="result"><tr class="param"><th>Parameter #1</th><th>Parameter #2</th></tr><tr class="param stripe"><td>mngr439256</td><td>qApEnum</td></tr><tr><th colspan="2">Exception</th></tr><tr><td colspan="2"><div class="stacktrace">java.lang.AssertionError: Exception accured white testing testAddNewCustomerFieldsWithValidDetails:[Ljava.lang.StackTraceElement;@6909f6be
	at ebankingPracticeTest.AddNewCustomerTest.testAddNewCustomerFieldsWithValidDetails(AddNewCustomerTest.java:53)
	at java.base/java.util.ArrayList.forEach(ArrayList.java:1511)
... Removed 26 stack frames</div></td></tr></table><p class="totop"><a href="#summary">back to summary</a></p>
<h3 id="m2">ebankingPracticeTest.DepositTest#testDepositWithInvalidData</h3><table class="result"><tr class="param"><th>Parameter #1</th><th>Parameter #2</th></tr><tr class="param stripe"><td>mngr439256</td><td>qApEnum</td></tr><tr><th colspan="2">Exception</th></tr><tr><td colspan="2"><div class="stacktrace">java.lang.AssertionError: Exception while testing testDepositWithInvalidData:unexpected alert open: {Alert text : User or Password is not valid}
  (Session info: chrome=108.0.5359.125): User or Password is not valid
Build info: version: &apos;4.2.2&apos;, revision: &apos;683ccb65d6&apos;
System info: host: &apos;AZMAL&apos;, ip: &apos;192.168.0.101&apos;, os.name: &apos;Windows 11&apos;, os.arch: &apos;amd64&apos;, os.version: &apos;10.0&apos;, java.version: &apos;18.0.1&apos;
Driver info: org.openqa.selenium.chrome.ChromeDriver
Command: [bc410da9f5283c04859816e25ec222bd, findElement {using=xpath, value=//a[text()=&apos;Deposit&apos;]}]
Capabilities {acceptInsecureCerts: false, browserName: chrome, browserVersion: 108.0.5359.125, chrome: {chromedriverVersion: 108.0.5359.71 (1e0e3868ee06..., userDataDir: C:\Users\syedm\AppData\Loca...}, goog:chromeOptions: {debuggerAddress: localhost:63219}, networkConnectionEnabled: false, pageLoadStrategy: normal, platformName: WINDOWS, proxy: Proxy(), se:cdp: ws://localhost:63219/devtoo..., se:cdpVersion: 108.0.5359.125, setWindowRect: true, strictFileInteractability: false, timeouts: {implicit: 0, pageLoad: 300000, script: 30000}, unhandledPromptBehavior: dismiss and notify, webauthn:extension:credBlob: true, webauthn:extension:largeBlob: true, webauthn:virtualAuthenticators: true}
Session ID: bc410da9f5283c04859816e25ec222bd
	at ebankingPracticeTest.DepositTest.testDepositWithInvalidData(DepositTest.java:47)
	at java.base/java.util.ArrayList.forEach(ArrayList.java:1511)
... Removed 26 stack frames</div></td></tr></table><p class="totop"><a href="#summary">back to summary</a></p>
<h3 id="m3">ebankingPracticeTest.DepositTest#testDepositWithValidData</h3><table class="result"><tr><th>Exception</th></tr><tr><td><div class="stacktrace">java.lang.AssertionError: Exception while testing testDepositWithValidData:no such element: Unable to locate element: {&quot;method&quot;:&quot;xpath&quot;,&quot;selector&quot;:&quot;//input[@name=&apos;accountno&apos;]&quot;}
  (Session info: chrome=108.0.5359.125)
For documentation on this error, please visit: https://selenium.dev/exceptions/#no_such_element
Build info: version: &apos;4.2.2&apos;, revision: &apos;683ccb65d6&apos;
System info: host: &apos;AZMAL&apos;, ip: &apos;192.168.0.101&apos;, os.name: &apos;Windows 11&apos;, os.arch: &apos;amd64&apos;, os.version: &apos;10.0&apos;, java.version: &apos;18.0.1&apos;
Driver info: org.openqa.selenium.chrome.ChromeDriver
Command: [bc410da9f5283c04859816e25ec222bd, findElement {using=xpath, value=//input[@name=&apos;accountno&apos;]}]
Capabilities {acceptInsecureCerts: false, browserName: chrome, browserVersion: 108.0.5359.125, chrome: {chromedriverVersion: 108.0.5359.71 (1e0e3868ee06..., userDataDir: C:\Users\syedm\AppData\Loca...}, goog:chromeOptions: {debuggerAddress: localhost:63219}, networkConnectionEnabled: false, pageLoadStrategy: normal, platformName: WINDOWS, proxy: Proxy(), se:cdp: ws://localhost:63219/devtoo..., se:cdpVersion: 108.0.5359.125, setWindowRect: true, strictFileInteractability: false, timeouts: {implicit: 0, pageLoad: 300000, script: 30000}, unhandledPromptBehavior: dismiss and notify, webauthn:extension:credBlob: true, webauthn:extension:largeBlob: true, webauthn:virtualAuthenticators: true}
Session ID: bc410da9f5283c04859816e25ec222bd
	at ebankingPracticeTest.DepositTest.testDepositWithValidData(DepositTest.java:65)
	at java.base/java.util.ArrayList.forEach(ArrayList.java:1511)
... Removed 26 stack frames</div></td></tr></table><p class="totop"><a href="#summary">back to summary</a></p>
<h3 id="m4">ebankingPracticeTest.NewAccountTest#testNewAccountWithInvalidData</h3><table class="result"><tr class="param"><th>Parameter #1</th><th>Parameter #2</th></tr><tr class="param stripe"><td>mngr439256</td><td>qApEnum</td></tr><tr><th colspan="2">Exception</th></tr><tr><td colspan="2"><div class="stacktrace">java.lang.AssertionError: Exception occured while testing testNewAccountWithInvalidData:[Ljava.lang.StackTraceElement;@184823ed
	at ebankingPracticeTest.NewAccountTest.testNewAccountWithInvalidData(NewAccountTest.java:47)
	at java.base/java.util.ArrayList.forEach(ArrayList.java:1511)
... Removed 26 stack frames</div></td></tr></table><p class="totop"><a href="#summary">back to summary</a></p>
<h3 id="m5">ebankingPracticeTest.NewAccountTest#testNewAccountWithValidData</h3><table class="result"><tr class="param"><th>Parameter #1</th><th>Parameter #2</th></tr><tr class="param stripe"><td>mngr439256</td><td>qApEnum</td></tr><tr><th colspan="2">Exception</th></tr><tr><td colspan="2"><div class="stacktrace">java.lang.AssertionError: Exception occured while testing testNewAccountWithValidData:[Ljava.lang.StackTraceElement;@5aa62ee7
	at ebankingPracticeTest.NewAccountTest.testNewAccountWithValidData(NewAccountTest.java:75)
	at java.base/java.util.ArrayList.forEach(ArrayList.java:1511)
... Removed 26 stack frames</div></td></tr></table><p class="totop"><a href="#summary">back to summary</a></p>
<h3 id="m6">ebankingLoginTest.EBankingLoginTest#testLoginWithValidUserIdAndPassword</h3><table class="result"><tr class="param"><th>Parameter #1</th><th>Parameter #2</th></tr><tr class="param stripe"><td>mngr439256</td><td>qApEnum</td></tr></table><p class="totop"><a href="#summary">back to summary</a></p>
<h3 id="m7">ebankingLoginTest.EBankingLoginTest#testResetUserIdAndpassword</h3><table class="result"><tr class="param"><th>Parameter #1</th><th>Parameter #2</th></tr><tr class="param stripe"><td>mngr4392563738</td><td>qApEnumrtvvf</td></tr></table><p class="totop"><a href="#summary">back to summary</a></p>
<h2>RegressionTest</h2></body>
</html>
